STEP to UG
! INFO-     NX STEP AP214 - V1953
! INFO-      
! INFO-     Start of Translation: 14-OCT-2022  2:47:02 PM
! INFO-      
! STATUS-   Converting Part: C:\Users\V6CL\Google 드라이브\1_DIY\1_3D프린터\1_제작\Voron\Custom\MyCustom\V2\Panel_Locker\step\Thin_PanelLocker.stp
! SUMMARY-   
! SUMMARY-    STEP Header Information
! SUMMARY-   
! SUMMARY-  Description      Unknown
! SUMMARY-  Imp_Level        2;1
! SUMMARY-  File_Name        Thin_PanelLocker.stp
! SUMMARY-  Date             2021-11-01T18:51:43+09:00
! SUMMARY-  Author           Unknown
! SUMMARY-  Organization     Unknown
! SUMMARY-  Pre_Version      ST-DEVELOPER v18.1
! SUMMARY-  Orig_System      SIEMENS PLM Software NX 1953
! SUMMARY-  Authorization    Unknown
! SUMMARY-  Schema_ID        automotive_design
! SUMMARY-   
! SUMMARY-    Summary of STEP Entities
! SUMMARY-   
! SUMMARY-  Entity Type                                                   Count
! SUMMARY-  -----------                                                   ------
! SUMMARY-  advanced_face ..............................................:    288
! SUMMARY-  application_context ........................................:      1
! SUMMARY-  axis2_placement_3d .........................................:    559
! SUMMARY-  b_spline_curve_with_knots ..................................:     16
! SUMMARY-  b_spline_surface_with_knots_and_rational_b_spline_surface ..:     28
! SUMMARY-  cartesian_point ............................................:   2013
! SUMMARY-  circle .....................................................:    238
! SUMMARY-  closed_shell ...............................................:      6
! SUMMARY-  conversion_based_unit_and_plane_angle_unit .................:      1
! SUMMARY-  cylindrical_surface ........................................:    128
! SUMMARY-  dimensional_exponents ......................................:      1
! SUMMARY-  direction ..................................................:   1492
! SUMMARY-  edge_curve .................................................:    688
! SUMMARY-  edge_loop ..................................................:    316
! SUMMARY-  ellipse ....................................................:     60
! SUMMARY-  face_bound .................................................:     56
! SUMMARY-  face_outer_bound ...........................................:    260
! SUMMARY-  geometric_representation_context_and_global_uncertainty_a ..:      1
! SUMMARY-  length_unit_and_si_unit ....................................:      1
! SUMMARY-  line .......................................................:    374
! SUMMARY-  manifold_solid_brep ........................................:      6
! SUMMARY-  oriented_edge ..............................................:   1376
! SUMMARY-  plane ......................................................:    102
! SUMMARY-  plane_angle_measure_with_unit ..............................:      1
! SUMMARY-  plane_angle_unit_and_si_unit ...............................:      1
! SUMMARY-  product ....................................................:      1
! SUMMARY-  product_context ............................................:      1
! SUMMARY-  product_definition .........................................:      1
! SUMMARY-  product_definition_context .................................:      1
! SUMMARY-  product_definition_formation_with_specified_source .........:      1
! SUMMARY-  product_definition_shape ...................................:      1
! SUMMARY-  product_related_product_category ...........................:      1
! SUMMARY-  si_unit_and_solid_angle_unit ...............................:      1
! SUMMARY-  spherical_surface ..........................................:     24
! SUMMARY-  toroidal_surface ...........................................:      6
! SUMMARY-  uncertainty_measure_with_unit ..............................:      1
! SUMMARY-  vector .....................................................:    374
! SUMMARY-  vertex_point ...............................................:    420
! SUMMARY-                                                               -------
! SUMMARY-  Total                                                           8846
! STATUS-    
! STATUS-   Converting to Output Form (Phase 2 of 3): 14-OCT-2022 2:47:02 PM
! STATUS-    
! STATUS-    
! STATUS-   Generating UG geometry and placing them in parts
! STATUS-    
! STATUS-   Creating the UG part (Phase 3 of 3): 14-OCT-2022  2:47:03 PM
! INFO-     Filing Part ..: C:\Users\V6CL\Google 드라이브\1_DIY\1_3D프린터\1_제작\Voron\Custom\MyCustom\V2\Panel_Locker\step\Thin_PanelLocker_stp.prt
! SUMMARY-   
! SUMMARY-  Summary of Unigraphics Part Entities
! SUMMARY-   
! SUMMARY-  Entities Processed             Count
! SUMMARY-  ------------------             -----
! SUMMARY-  Solid .......................:     6
! SUMMARY-                                 -----
! SUMMARY-  Total                              6
! INFO-      
! INFO-     Total number of solids input for this translation       :         6
! INFO-      
! INFO-     Number of solids created without body validation faults :         6
! INFO-      
! INFO-     Number of solids created with body validation fault(s)  :         0
! INFO-      
! INFO-     Number of solids ending up as sheet bodies              :         0
! INFO-      
! INFO-     End of Translation: 14-OCT-2022  2:47:03 PM
! INFO-      
